<?xml version="1.0" encoding="UTF-8"?>
<!-- Generated by org.testng.reporters.JUnitReportReporter -->
<testsuite skipped="0" hostname="DESKTOP-FVVPMEF" name="test.DemoQ" tests="1" failures="0" timestamp="02 Jul 2019 05:39:30 GMT" time="0.017" errors="0">
  <testcase name="createUser" time="0.017" classname="test.DemoQ"/>
</testsuite> <!-- test.DemoQ -->
